c:\users\qaws1\desktop\mfctool\client\debug\client.pch
c:\users\qaws1\desktop\mfctool\client\debug\vc140.pdb
c:\users\qaws1\desktop\mfctool\client\debug\vc140.idb
c:\users\qaws1\desktop\mfctool\client\debug\stdafx.obj
c:\users\qaws1\desktop\mfctool\client\debug\frame_manager.obj
c:\users\qaws1\desktop\mfctool\client\debug\gameobject.obj
c:\users\qaws1\desktop\mfctool\client\debug\gameobject_manager.obj
c:\users\qaws1\desktop\mfctool\client\debug\graphic_device.obj
c:\users\qaws1\desktop\mfctool\client\debug\gui.obj
c:\users\qaws1\desktop\mfctool\client\debug\key_manager.obj
c:\users\qaws1\desktop\mfctool\client\debug\mainapp.obj
c:\users\qaws1\desktop\mfctool\client\debug\multi_texture.obj
c:\users\qaws1\desktop\mfctool\client\debug\player.obj
c:\users\qaws1\desktop\mfctool\client\debug\prefab_manager.obj
c:\users\qaws1\desktop\mfctool\client\debug\scene.obj
c:\users\qaws1\desktop\mfctool\client\debug\scene_manager.obj
c:\users\qaws1\desktop\mfctool\client\debug\scroll_manager.obj
c:\users\qaws1\desktop\mfctool\client\debug\single_texture.obj
c:\users\qaws1\desktop\mfctool\client\debug\spawn_manager.obj
c:\users\qaws1\desktop\mfctool\client\debug\stage.obj
c:\users\qaws1\desktop\mfctool\client\debug\terrain.obj
c:\users\qaws1\desktop\mfctool\client\debug\texture.obj
c:\users\qaws1\desktop\mfctool\client\debug\texture_manager.obj
c:\users\qaws1\desktop\mfctool\client\debug\time_manager.obj
c:\users\qaws1\desktop\mfctool\client\debug\background.obj
c:\users\qaws1\desktop\mfctool\client\debug\bullet.obj
c:\users\qaws1\desktop\mfctool\client\debug\client.obj
c:\users\qaws1\desktop\mfctool\client\debug\effect.obj
c:\users\qaws1\desktop\jetlancer project\client\debug\client.pch
c:\users\qaws1\desktop\jetlancer project\client\debug\vc140.pdb
c:\users\qaws1\desktop\jetlancer project\client\debug\vc140.idb
c:\users\qaws1\desktop\jetlancer project\client\debug\stdafx.obj
c:\users\qaws1\desktop\jetlancer project\client\debug\bullet.obj
c:\users\qaws1\desktop\jetlancer project\client\debug\gameobject.obj
c:\users\qaws1\desktop\jetlancer project\client\debug\mainapp.obj
c:\users\qaws1\desktop\jetlancer project\client\debug\prefab_manager.obj
c:\users\qaws1\desktop\jetlancer project\client\debug\spawn_manager.obj
c:\users\qaws1\desktop\jetlancer project\client\debug\mouse.obj
c:\users\qaws1\desktop\jetlancer project\client\debug\gameobject_manager.obj
c:\users\qaws1\desktop\jetlancer project\client\debug\graphic_device.obj
c:\users\qaws1\desktop\jetlancer project\client\debug\key_manager.obj
c:\users\qaws1\desktop\jetlancer project\client\debug\multi_texture.obj
c:\users\qaws1\desktop\jetlancer project\client\debug\scene.obj
c:\users\qaws1\desktop\jetlancer project\client\debug\scene_manager.obj
c:\users\qaws1\desktop\jetlancer project\client\debug\scroll_manager.obj
c:\users\qaws1\desktop\jetlancer project\client\debug\single_texture.obj
c:\users\qaws1\desktop\jetlancer project\client\debug\stage.obj
c:\users\qaws1\desktop\jetlancer project\client\debug\texture.obj
c:\users\qaws1\desktop\jetlancer project\client\debug\texture_manager.obj
c:\users\qaws1\desktop\jetlancer project\client\debug\time_manager.obj
c:\users\qaws1\desktop\jetlancer project\client\debug\client.obj
c:\users\qaws1\desktop\jetlancer project\client\debug\frame_manager.obj
c:\users\qaws1\desktop\jetlancer project\client\debug\player.obj
c:\users\qaws1\desktop\jetlancer project\client\debug\effect.obj
c:\users\qaws1\desktop\jetlancer project\client\debug\gui.obj
c:\users\qaws1\desktop\jetlancer project\client\debug\background.obj
c:\users\qaws1\desktop\jetlancer project\client\debug\normal.obj
c:\users\qaws1\desktop\jetlancer project\client\debug\rocket.obj
c:\users\qaws1\desktop\mfctool\debug\client.ilk
c:\users\qaws1\desktop\mfctool\debug\client.exe
c:\users\qaws1\desktop\mfctool\debug\client.pdb
c:\users\qaws1\desktop\jetlancer project\debug\client.ilk
c:\users\qaws1\desktop\jetlancer project\debug\client.exe
c:\users\qaws1\desktop\jetlancer project\debug\client.pdb
c:\users\qaws1\desktop\mfctool\client\debug\client.res
c:\users\qaws1\desktop\jetlancer project\client\debug\client.res
c:\users\qaws1\desktop\jetlancer project\client\debug\player.obj.enc
c:\users\qaws1\desktop\jetlancer project\client\debug\client.tlog\cl.command.1.tlog
c:\users\qaws1\desktop\jetlancer project\client\debug\client.tlog\cl.read.1.tlog
c:\users\qaws1\desktop\jetlancer project\client\debug\client.tlog\cl.write.1.tlog
c:\users\qaws1\desktop\jetlancer project\client\debug\client.tlog\link.command.1.tlog
c:\users\qaws1\desktop\jetlancer project\client\debug\client.tlog\link.read.1.tlog
c:\users\qaws1\desktop\jetlancer project\client\debug\client.tlog\link.write.1.tlog
c:\users\qaws1\desktop\jetlancer project\client\debug\client.tlog\rc.command.1.tlog
c:\users\qaws1\desktop\jetlancer project\client\debug\client.tlog\rc.read.1.tlog
c:\users\qaws1\desktop\jetlancer project\client\debug\client.tlog\rc.write.1.tlog
