c:\users\qaws1\desktop\jetlancer project\mfctool\release\mfctool.pch
c:\users\qaws1\desktop\jetlancer project\mfctool\release\vc140.pdb
c:\users\qaws1\desktop\jetlancer project\mfctool\release\stdafx.obj
c:\users\qaws1\desktop\jetlancer project\mfctool\release\uitool.obj
c:\users\qaws1\desktop\jetlancer project\mfctool\release\texture_manager.obj
c:\users\qaws1\desktop\jetlancer project\mfctool\release\texture.obj
c:\users\qaws1\desktop\jetlancer project\mfctool\release\terrain.obj
c:\users\qaws1\desktop\jetlancer project\mfctool\release\single_texture.obj
c:\users\qaws1\desktop\jetlancer project\mfctool\release\objecttool.obj
c:\users\qaws1\desktop\jetlancer project\mfctool\release\multi_texture.obj
c:\users\qaws1\desktop\jetlancer project\mfctool\release\miniview.obj
c:\users\qaws1\desktop\jetlancer project\mfctool\release\maptool.obj
c:\users\qaws1\desktop\jetlancer project\mfctool\release\mainfrm.obj
c:\users\qaws1\desktop\jetlancer project\mfctool\release\mfctoolview.obj
c:\users\qaws1\desktop\jetlancer project\mfctool\release\mfctooldoc.obj
c:\users\qaws1\desktop\jetlancer project\mfctool\release\mfctool.obj
c:\users\qaws1\desktop\jetlancer project\mfctool\release\graphic_device.obj
c:\users\qaws1\desktop\jetlancer project\mfctool\release\form.obj
c:\users\qaws1\desktop\jetlancer project\mfctool\release\fileinfo.obj
c:\users\qaws1\desktop\jetlancer project\mfctool\release\animationtool.obj
c:\users\qaws1\desktop\jetlancer project\release\mfctool.exe
c:\users\qaws1\desktop\jetlancer project\release\mfctool.pdb
c:\users\qaws1\desktop\jetlancer project\mfctool\release\mfctool.res
c:\users\qaws1\desktop\jetlancer project\mfctool\release\mfctool.tlog\cl.command.1.tlog
c:\users\qaws1\desktop\jetlancer project\mfctool\release\mfctool.tlog\cl.read.1.tlog
c:\users\qaws1\desktop\jetlancer project\mfctool\release\mfctool.tlog\cl.write.1.tlog
c:\users\qaws1\desktop\jetlancer project\mfctool\release\mfctool.tlog\link.command.1.tlog
c:\users\qaws1\desktop\jetlancer project\mfctool\release\mfctool.tlog\link.read.1.tlog
c:\users\qaws1\desktop\jetlancer project\mfctool\release\mfctool.tlog\link.write.1.tlog
c:\users\qaws1\desktop\jetlancer project\mfctool\release\mfctool.tlog\rc.command.1.tlog
c:\users\qaws1\desktop\jetlancer project\mfctool\release\mfctool.tlog\rc.read.1.tlog
c:\users\qaws1\desktop\jetlancer project\mfctool\release\mfctool.tlog\rc.write.1.tlog
