c:\users\qaws1\desktop\jetlancer project\client\release\vc140.pdb
c:\users\qaws1\desktop\jetlancer project\client\release\gundrone.obj
c:\users\qaws1\desktop\jetlancer project\client\release\gameobject_manager.obj
c:\users\qaws1\desktop\jetlancer project\client\release\collision_manager.obj
c:\users\qaws1\desktop\jetlancer project\client\release\serpent.obj
c:\users\qaws1\desktop\jetlancer project\client\release\rocket.obj
c:\users\qaws1\desktop\jetlancer project\client\release\prefab_manager.obj
c:\users\qaws1\desktop\jetlancer project\client\release\player.obj
c:\users\qaws1\desktop\jetlancer project\client\release\particle.obj
c:\users\qaws1\desktop\jetlancer project\client\release\normal.obj
c:\users\qaws1\desktop\jetlancer project\client\release\mainapp.obj
c:\users\qaws1\desktop\jetlancer project\client\release\jet_rocket.obj
c:\users\qaws1\desktop\jetlancer project\client\release\jet_normal.obj
c:\users\qaws1\desktop\jetlancer project\client\release\jet_enemy.obj
c:\users\qaws1\desktop\jetlancer project\client\release\jet_bulletsplash.obj
c:\users\qaws1\desktop\jetlancer project\client\release\jet.obj
c:\users\qaws1\desktop\jetlancer project\client\release\gui.obj
c:\users\qaws1\desktop\jetlancer project\client\release\gameobject.obj
c:\users\qaws1\desktop\jetlancer project\client\release\bullet.obj
c:\users\qaws1\desktop\jetlancer project\client\release\bottle.obj
c:\users\qaws1\desktop\jetlancer project\client\release\beam.obj
c:\users\qaws1\desktop\jetlancer project\client\release\background.obj
c:\users\qaws1\desktop\jetlancer project\client\release\time_manager.obj
c:\users\qaws1\desktop\jetlancer project\client\release\stageboss.obj
c:\users\qaws1\desktop\jetlancer project\client\release\stage3.obj
c:\users\qaws1\desktop\jetlancer project\client\release\stage2.obj
c:\users\qaws1\desktop\jetlancer project\client\release\stage.obj
c:\users\qaws1\desktop\jetlancer project\client\release\spawn_manager.obj
c:\users\qaws1\desktop\jetlancer project\client\release\serpenttail.obj
c:\users\qaws1\desktop\jetlancer project\client\release\serpentobject.obj
c:\users\qaws1\desktop\jetlancer project\client\release\serpenthead.obj
c:\users\qaws1\desktop\jetlancer project\client\release\serpentbody.obj
c:\users\qaws1\desktop\jetlancer project\client\release\graphic_device.obj
c:\users\qaws1\desktop\jetlancer project\client\release\frame_manager.obj
c:\users\qaws1\desktop\jetlancer project\client\release\flip.obj
c:\users\qaws1\desktop\jetlancer project\client\release\effect.obj
c:\users\qaws1\desktop\jetlancer project\client\release\dmggrid.obj
c:\users\qaws1\desktop\jetlancer project\client\release\danger.obj
c:\users\qaws1\desktop\jetlancer project\client\release\collider.obj
c:\users\qaws1\desktop\jetlancer project\client\release\colsphere.obj
c:\users\qaws1\desktop\jetlancer project\client\release\colrect.obj
c:\users\qaws1\desktop\jetlancer project\client\release\client.obj
c:\users\qaws1\desktop\jetlancer project\client\release\burner.obj
c:\users\qaws1\desktop\jetlancer project\client\release\arrow_offscreen_rocket.obj
c:\users\qaws1\desktop\jetlancer project\client\release\arrow_offscreen.obj
c:\users\qaws1\desktop\jetlancer project\client\release\mymenu.obj
c:\users\qaws1\desktop\jetlancer project\client\release\multi_texture.obj
c:\users\qaws1\desktop\jetlancer project\client\release\mouse.obj
c:\users\qaws1\desktop\jetlancer project\client\release\loadout.obj
c:\users\qaws1\desktop\jetlancer project\client\release\key_manager.obj
c:\users\qaws1\desktop\jetlancer project\client\release\jet_sniper.obj
c:\users\qaws1\desktop\jetlancer project\client\release\jet_rush.obj
c:\users\qaws1\desktop\jetlancer project\client\release\jet_homming.obj
c:\users\qaws1\desktop\jetlancer project\client\release\hp.obj
c:\users\qaws1\desktop\jetlancer project\client\release\texture.obj
c:\users\qaws1\desktop\jetlancer project\client\release\soundmgr.obj
c:\users\qaws1\desktop\jetlancer project\client\release\single_texture.obj
c:\users\qaws1\desktop\jetlancer project\client\release\selectstage.obj
c:\users\qaws1\desktop\jetlancer project\client\release\scroll_manager.obj
c:\users\qaws1\desktop\jetlancer project\client\release\scene_manager.obj
c:\users\qaws1\desktop\jetlancer project\client\release\scene.obj
c:\users\qaws1\desktop\jetlancer project\client\release\rocket_ui.obj
c:\users\qaws1\desktop\jetlancer project\client\release\worngway.obj
c:\users\qaws1\desktop\jetlancer project\client\release\viewtext.obj
c:\users\qaws1\desktop\jetlancer project\client\release\ui.obj
c:\users\qaws1\desktop\jetlancer project\client\release\texture_manager.obj
c:\users\qaws1\desktop\jetlancer project\client\release\client.pch
c:\users\qaws1\desktop\jetlancer project\client\release\stdafx.obj
c:\users\qaws1\desktop\jetlancer project\client\release\startui.obj
c:\users\qaws1\desktop\jetlancer project\release\client.exe
c:\users\qaws1\desktop\jetlancer project\release\client.ipdb
c:\users\qaws1\desktop\jetlancer project\release\client.iobj
c:\users\qaws1\desktop\jetlancer project\release\client.pdb
c:\users\qaws1\desktop\jetlancer project\client\release\client.res
c:\users\qaws1\desktop\jetlancer project\client\release\client.tlog\cl.command.1.tlog
c:\users\qaws1\desktop\jetlancer project\client\release\client.tlog\cl.read.1.tlog
c:\users\qaws1\desktop\jetlancer project\client\release\client.tlog\cl.write.1.tlog
c:\users\qaws1\desktop\jetlancer project\client\release\client.tlog\link.command.1.tlog
c:\users\qaws1\desktop\jetlancer project\client\release\client.tlog\link.read.1.tlog
c:\users\qaws1\desktop\jetlancer project\client\release\client.tlog\link.write.1.tlog
c:\users\qaws1\desktop\jetlancer project\client\release\client.tlog\rc.command.1.tlog
c:\users\qaws1\desktop\jetlancer project\client\release\client.tlog\rc.read.1.tlog
c:\users\qaws1\desktop\jetlancer project\client\release\client.tlog\rc.write.1.tlog
